[debug] [2021-05-28T15:32:04.622Z] ----------------------------------------------------------------------
[debug] [2021-05-28T15:32:04.625Z] Command:       C:\Program Files\nodejs\node.exe C:\Users\Mauri\AppData\Roaming\npm\node_modules\firebase-tools\lib\bin\firebase.js emulators:start
[debug] [2021-05-28T15:32:04.626Z] CLI Version:   9.11.0
[debug] [2021-05-28T15:32:04.626Z] Platform:      win32
[debug] [2021-05-28T15:32:04.626Z] Node Version:  v14.15.5
[debug] [2021-05-28T15:32:04.627Z] Time:          Fri May 28 2021 10:32:04 GMT-0500 (Central Daylight Time)
[debug] [2021-05-28T15:32:04.628Z] ----------------------------------------------------------------------
[debug] 
[debug] [2021-05-28T15:32:04.636Z] > command requires scopes: ["email","openid","https://www.googleapis.com/auth/cloudplatformprojects.readonly","https://www.googleapis.com/auth/firebase","https://www.googleapis.com/auth/cloud-platform"]
[debug] [2021-05-28T15:32:04.636Z] > authorizing via signed-in user (webmaster@soyparrillero.mx)
[info] i  emulators: Starting emulators: auth, functions, firestore, database, hosting, storage {"metadata":{"emulator":{"name":"hub"},"message":"Starting emulators: auth, functions, firestore, database, hosting, storage"}}
[debug] [2021-05-28T15:32:04.666Z] [hub] writing locator at C:\Users\Mauri\AppData\Local\Temp\hub-satisfaccionsmp.json
[warn] !  functions: The following emulators are not running, calls to these services from the Functions emulator will affect production: pubsub {"metadata":{"emulator":{"name":"functions"},"message":"The following emulators are not running, calls to these services from the Functions emulator will affect production: \u001b[1mpubsub\u001b[22m"}}
[warn] !  Your requested "node" version "12" doesn't match your global version "14" {"metadata":{"emulator":{"name":"functions"},"message":"Your requested \"node\" version \"12\" doesn't match your global version \"14\""}}
[debug] [2021-05-28T15:32:04.819Z] defaultcredentials: writing to file C:\Users\Mauri\AppData\Roaming\firebase\webmaster_soyparrillero_mx_application_default_credentials.json
[debug] [2021-05-28T15:32:04.821Z] Setting GAC to C:\Users\Mauri\AppData\Roaming\firebase\webmaster_soyparrillero_mx_application_default_credentials.json {"metadata":{"emulator":{"name":"functions"},"message":"Setting GAC to C:\\Users\\Mauri\\AppData\\Roaming\\firebase\\webmaster_soyparrillero_mx_application_default_credentials.json"}}
[debug] [2021-05-28T15:32:04.825Z] > refreshing access token with scopes: []
[debug] [2021-05-28T15:32:04.825Z] >>> HTTP REQUEST POST https://www.googleapis.com/oauth2/v3/token  
 <request body omitted>
[debug] [2021-05-28T15:32:05.248Z] <<< HTTP RESPONSE 200 {"cache-control":"no-cache, no-store, max-age=0, must-revalidate","date":"Fri, 28 May 2021 15:32:05 GMT","pragma":"no-cache","expires":"Mon, 01 Jan 1990 00:00:00 GMT","content-type":"application/json; charset=utf-8","vary":"X-Origin, Referer, Origin,Accept-Encoding","server":"scaffolding on HTTPServer2","x-xss-protection":"0","x-frame-options":"SAMEORIGIN","x-content-type-options":"nosniff","alt-svc":"h3-29=\":443\"; ma=2592000,h3-T051=\":443\"; ma=2592000,h3-Q050=\":443\"; ma=2592000,h3-Q046=\":443\"; ma=2592000,h3-Q043=\":443\"; ma=2592000,quic=\":443\"; ma=2592000; v=\"46,43\"","accept-ranges":"none","transfer-encoding":"chunked"}
[debug] [2021-05-28T15:32:05.267Z] >>> [apiv2][query] GET https://firebase.googleapis.com/v1beta1/projects/satisfaccionsmp/adminSdkConfig [none]
[debug] [2021-05-28T15:32:05.761Z] <<< [apiv2][status] GET https://firebase.googleapis.com/v1beta1/projects/satisfaccionsmp/adminSdkConfig 200
[debug] [2021-05-28T15:32:05.761Z] <<< [apiv2][body] GET https://firebase.googleapis.com/v1beta1/projects/satisfaccionsmp/adminSdkConfig {"projectId":"satisfaccionsmp","databaseURL":"https://satisfaccionsmp-default-rtdb.firebaseio.com","storageBucket":"satisfaccionsmp.appspot.com","locationId":"us-central"}
[debug] [2021-05-28T15:32:05.776Z] Ignoring unsupported arg: projectId {"metadata":{"emulator":{"name":"firestore"},"message":"Ignoring unsupported arg: projectId"}}
[debug] [2021-05-28T15:32:05.776Z] Ignoring unsupported arg: auto_download {"metadata":{"emulator":{"name":"firestore"},"message":"Ignoring unsupported arg: auto_download"}}
[debug] [2021-05-28T15:32:05.776Z] Starting Firestore Emulator with command {"binary":"java","args":["-Dgoogle.cloud_firestore.debug_log_level=FINE","-Duser.language=en","-jar","C:\\Users\\Mauri\\.cache\\firebase\\emulators\\cloud-firestore-emulator-v1.11.15.jar","--host","localhost","--port",8080,"--rules","C:\\Users\\Mauri\\OneDrive\\Documents\\SMPProyects\\satisfaccionSMP\\firestore.rules","--functions_emulator","localhost:5001"],"optionalArgs":["port","webchannel_port","host","rules","functions_emulator","seed_from_export"],"joinArgs":false} {"metadata":{"emulator":{"name":"firestore"},"message":"Starting Firestore Emulator with command {\"binary\":\"java\",\"args\":[\"-Dgoogle.cloud_firestore.debug_log_level=FINE\",\"-Duser.language=en\",\"-jar\",\"C:\\\\Users\\\\Mauri\\\\.cache\\\\firebase\\\\emulators\\\\cloud-firestore-emulator-v1.11.15.jar\",\"--host\",\"localhost\",\"--port\",8080,\"--rules\",\"C:\\\\Users\\\\Mauri\\\\OneDrive\\\\Documents\\\\SMPProyects\\\\satisfaccionSMP\\\\firestore.rules\",\"--functions_emulator\",\"localhost:5001\"],\"optionalArgs\":[\"port\",\"webchannel_port\",\"host\",\"rules\",\"functions_emulator\",\"seed_from_export\"],\"joinArgs\":false}"}}
[info] i  firestore: Firestore Emulator logging to firestore-debug.log {"metadata":{"emulator":{"name":"firestore"},"message":"Firestore Emulator logging to \u001b[1mfirestore-debug.log\u001b[22m"}}
[debug] [2021-05-28T15:32:07.513Z] May 28, 2021 10:32:07 AM com.google.cloud.datastore.emulator.firestore.websocket.WebSocketServer start
INFO: Started WebSocket server on ws://localhost:53560
 {"metadata":{"emulator":{"name":"firestore"},"message":"May 28, 2021 10:32:07 AM com.google.cloud.datastore.emulator.firestore.websocket.WebSocketServer start\r\nINFO: Started WebSocket server on ws://localhost:53560\r\n"}}
[debug] [2021-05-28T15:32:07.545Z] API endpoint: http://localhost:8080
 {"metadata":{"emulator":{"name":"firestore"},"message":"API endpoint: http://localhost:8080\n"}}
[debug] [2021-05-28T15:32:07.546Z] If you are using a library that supports the FIRESTORE_EMULATOR_HOST environment variable, run:

   export FIRESTORE_EMULATOR_HOST=localhost:8080

Dev App Server is now running.

 {"metadata":{"emulator":{"name":"firestore"},"message":"If you are using a library that supports the FIRESTORE_EMULATOR_HOST environment variable, run:\r\n\n   export FIRESTORE_EMULATOR_HOST=localhost:8080\n\nDev App Server is now running.\n\r\n"}}
[debug] [2021-05-28T15:32:07.630Z] >>> [apiv2][query] GET https://firebase.googleapis.com/v1beta1/projects/satisfaccionsmp [none]
[debug] [2021-05-28T15:32:08.008Z] <<< [apiv2][status] GET https://firebase.googleapis.com/v1beta1/projects/satisfaccionsmp 200
[debug] [2021-05-28T15:32:08.008Z] <<< [apiv2][body] GET https://firebase.googleapis.com/v1beta1/projects/satisfaccionsmp {"projectId":"satisfaccionsmp","projectNumber":"741163194969","displayName":"satisfaccionSMP","name":"projects/satisfaccionsmp","resources":{"hostingSite":"satisfaccionsmp","realtimeDatabaseInstance":"satisfaccionsmp-default-rtdb","storageBucket":"satisfaccionsmp.appspot.com","locationId":"us-central"},"state":"ACTIVE"}
[debug] [2021-05-28T15:32:08.008Z] database rules config:  [{"instance":"satisfaccionsmp-default-rtdb","rules":"C:\\Users\\Mauri\\OneDrive\\Documents\\SMPProyects\\satisfaccionSMP\\database.rules.json"}]
[debug] [2021-05-28T15:32:08.010Z] Ignoring unsupported arg: projectId {"metadata":{"emulator":{"name":"database"},"message":"Ignoring unsupported arg: projectId"}}
[debug] [2021-05-28T15:32:08.010Z] Ignoring unsupported arg: auto_download {"metadata":{"emulator":{"name":"database"},"message":"Ignoring unsupported arg: auto_download"}}
[debug] [2021-05-28T15:32:08.010Z] Ignoring unsupported arg: rules {"metadata":{"emulator":{"name":"database"},"message":"Ignoring unsupported arg: rules"}}
[debug] [2021-05-28T15:32:08.010Z] Starting Database Emulator with command {"binary":"java","args":["-Duser.language=en","-jar","C:\\Users\\Mauri\\.cache\\firebase\\emulators\\firebase-database-emulator-v4.7.2.jar","--host","localhost","--port",9000,"--functions_emulator_host","localhost","--functions_emulator_port",5001],"optionalArgs":["port","host","functions_emulator_port","functions_emulator_host"],"joinArgs":false} {"metadata":{"emulator":{"name":"database"},"message":"Starting Database Emulator with command {\"binary\":\"java\",\"args\":[\"-Duser.language=en\",\"-jar\",\"C:\\\\Users\\\\Mauri\\\\.cache\\\\firebase\\\\emulators\\\\firebase-database-emulator-v4.7.2.jar\",\"--host\",\"localhost\",\"--port\",9000,\"--functions_emulator_host\",\"localhost\",\"--functions_emulator_port\",5001],\"optionalArgs\":[\"port\",\"host\",\"functions_emulator_port\",\"functions_emulator_host\"],\"joinArgs\":false}"}}
[info] i  database: Database Emulator logging to database-debug.log {"metadata":{"emulator":{"name":"database"},"message":"Database Emulator logging to \u001b[1mdatabase-debug.log\u001b[22m"}}
[debug] [2021-05-28T15:32:09.821Z] 10:32:09.817 [NamespaceSystem-akka.actor.default-dispatcher-5] INFO akka.event.slf4j.Slf4jLogger - Slf4jLogger started
 {"metadata":{"emulator":{"name":"database"},"message":"10:32:09.817 [NamespaceSystem-akka.actor.default-dispatcher-5] INFO akka.event.slf4j.Slf4jLogger - Slf4jLogger started\r\n"}}
[debug] [2021-05-28T15:32:10.038Z] 10:32:10.037 [main] INFO com.firebase.server.forge.App$ - Listening at localhost:9000
 {"metadata":{"emulator":{"name":"database"},"message":"10:32:10.037 [main] INFO com.firebase.server.forge.App$ - Listening at localhost:9000\r\n"}}
[debug] [2021-05-28T15:32:13.327Z] Ignoring unsupported arg: port {"metadata":{"emulator":{"name":"storage"},"message":"Ignoring unsupported arg: port"}}
[debug] [2021-05-28T15:32:13.537Z] Temp file directory for storage emulator: C:\Users\Mauri\AppData\Local\Temp/firebase/storage/blobs {"metadata":{"emulator":{"name":"storage"},"message":"Temp file directory for storage emulator: C:\\Users\\Mauri\\AppData\\Local\\Temp/firebase/storage/blobs"}}
[debug] [2021-05-28T15:32:14.248Z] >>> [apiv2][query] GET https://firebasehosting.googleapis.com/v1beta1/projects/satisfaccionsmp/sites 
[debug] [2021-05-28T15:32:14.837Z] <<< [apiv2][status] GET https://firebasehosting.googleapis.com/v1beta1/projects/satisfaccionsmp/sites 200
[debug] [2021-05-28T15:32:14.837Z] <<< [apiv2][body] GET https://firebasehosting.googleapis.com/v1beta1/projects/satisfaccionsmp/sites {"sites":[{"name":"projects/741163194969/sites/satisfaccionsmp","defaultUrl":"https://satisfaccionsmp.web.app","type":"DEFAULT_SITE"}]}
[debug] [2021-05-28T15:32:14.837Z] >>> [apiv2][query] GET https://firebase.googleapis.com/v1beta1/projects/satisfaccionsmp/webApps/-/config [none]
[debug] [2021-05-28T15:32:15.315Z] <<< [apiv2][status] GET https://firebase.googleapis.com/v1beta1/projects/satisfaccionsmp/webApps/-/config 200
[debug] [2021-05-28T15:32:15.315Z] <<< [apiv2][body] GET https://firebase.googleapis.com/v1beta1/projects/satisfaccionsmp/webApps/-/config {"projectId":"satisfaccionsmp","appId":"1:741163194969:web:d52eae68510e6509526f48","databaseURL":"https://satisfaccionsmp-default-rtdb.firebaseio.com","storageBucket":"satisfaccionsmp.appspot.com","locationId":"us-central","apiKey":"AIzaSyBjpbMZMz9l1xyW9LRDCT98EPUfkVqLens","authDomain":"satisfaccionsmp.firebaseapp.com","messagingSenderId":"741163194969","measurementId":"G-39KS43XPHV"}
[info] i  hosting: Serving hosting files from: dist/satisfaccionSMP {"metadata":{"emulator":{"name":"hosting"},"message":"Serving hosting files from: \u001b[1mdist/satisfaccionSMP\u001b[22m"}}
[info] +  hosting: Local server: http://localhost:5000 {"metadata":{"emulator":{"name":"hosting"},"message":"Local server: \u001b[4m\u001b[1mhttp://localhost:5000\u001b[22m\u001b[24m"}}
[debug] [2021-05-28T15:32:15.366Z] Ignoring unsupported arg: auto_download {"metadata":{"emulator":{"name":"ui"},"message":"Ignoring unsupported arg: auto_download"}}
[debug] [2021-05-28T15:32:15.366Z] Ignoring unsupported arg: port {"metadata":{"emulator":{"name":"ui"},"message":"Ignoring unsupported arg: port"}}
[debug] [2021-05-28T15:32:15.366Z] Starting Emulator UI with command {"binary":"node","args":["C:\\Users\\Mauri\\.cache\\firebase\\emulators\\ui-v1.5.0\\server.bundle.js"],"optionalArgs":[],"joinArgs":false} {"metadata":{"emulator":{"name":"ui"},"message":"Starting Emulator UI with command {\"binary\":\"node\",\"args\":[\"C:\\\\Users\\\\Mauri\\\\.cache\\\\firebase\\\\emulators\\\\ui-v1.5.0\\\\server.bundle.js\"],\"optionalArgs\":[],\"joinArgs\":false}"}}
[info] i  ui: Emulator UI logging to ui-debug.log {"metadata":{"emulator":{"name":"ui"},"message":"Emulator UI logging to \u001b[1mui-debug.log\u001b[22m"}}
[debug] [2021-05-28T15:32:15.583Z] Web / API server started at http://localhost:4000
 {"metadata":{"emulator":{"name":"ui"},"message":"Web / API server started at http://localhost:4000\n"}}
[info] i  functions: Watching "C:\Users\Mauri\OneDrive\Documents\SMPProyects\satisfaccionSMP\functions" for Cloud Functions... {"metadata":{"emulator":{"name":"functions"},"message":"Watching \"C:\\Users\\Mauri\\OneDrive\\Documents\\SMPProyects\\satisfaccionSMP\\functions\" for Cloud Functions..."}}
[debug] [2021-05-28T15:32:15.674Z] [worker-pool] addWorker(~diagnostic~) {"metadata":{"emulator":{"name":"functions"},"message":"[worker-pool] addWorker(~diagnostic~)"}}
[debug] [2021-05-28T15:32:15.674Z] [worker-pool] Adding worker with key ~diagnostic~, total=1 {"metadata":{"emulator":{"name":"functions"},"message":"[worker-pool] Adding worker with key ~diagnostic~, total=1"}}
[debug] [2021-05-28T15:32:15.675Z] [worker-pool] submitWork(triggerId=) {"metadata":{"emulator":{"name":"functions"},"message":"[worker-pool] submitWork(triggerId=)"}}
[debug] [2021-05-28T15:32:15.675Z] [worker-~diagnostic~-1fa710d5-9743-496f-bafa-707bb3ad741d]: Assigning socketPath: \\?\pipe\C:\Users\Mauri\OneDrive\Documents\SMPProyects\satisfaccionSMP\functions\9008 {"metadata":{"emulator":{"name":"functions"},"message":"[worker-~diagnostic~-1fa710d5-9743-496f-bafa-707bb3ad741d]: Assigning socketPath: \\\\?\\pipe\\C:\\Users\\Mauri\\OneDrive\\Documents\\SMPProyects\\satisfaccionSMP\\functions\\9008"}}
[debug] [2021-05-28T15:32:15.675Z] [worker-~diagnostic~-1fa710d5-9743-496f-bafa-707bb3ad741d]: BUSY {"metadata":{"emulator":{"name":"functions"},"message":"[worker-~diagnostic~-1fa710d5-9743-496f-bafa-707bb3ad741d]: BUSY"}}
[debug] [2021-05-28T15:32:15.873Z] [runtime-status] [9008] Functions runtime initialized. {"cwd":"C:\\Users\\Mauri\\OneDrive\\Documents\\SMPProyects\\satisfaccionSMP\\functions","node_version":"14.15.5"} {"metadata":{"emulator":{"name":"functions"},"message":"[runtime-status] [9008] Functions runtime initialized. {\"cwd\":\"C:\\\\Users\\\\Mauri\\\\OneDrive\\\\Documents\\\\SMPProyects\\\\satisfaccionSMP\\\\functions\",\"node_version\":\"14.15.5\"}"}}
[debug] [2021-05-28T15:32:15.875Z] [runtime-status] [9008] Disabled runtime features: undefined {"metadata":{"emulator":{"name":"functions"},"message":"[runtime-status] [9008] Disabled runtime features: undefined"}}
[debug] [2021-05-28T15:32:15.877Z] [runtime-status] [9008] Resolved module firebase-admin {"declared":true,"installed":true,"version":"9.8.0","resolution":"C:\\Users\\Mauri\\OneDrive\\Documents\\SMPProyects\\satisfaccionSMP\\functions\\node_modules\\firebase-admin\\lib\\index.js"} {"metadata":{"emulator":{"name":"functions"},"message":"[runtime-status] [9008] Resolved module firebase-admin {\"declared\":true,\"installed\":true,\"version\":\"9.8.0\",\"resolution\":\"C:\\\\Users\\\\Mauri\\\\OneDrive\\\\Documents\\\\SMPProyects\\\\satisfaccionSMP\\\\functions\\\\node_modules\\\\firebase-admin\\\\lib\\\\index.js\"}"}}
[debug] [2021-05-28T15:32:15.879Z] [runtime-status] [9008] Resolved module firebase-functions {"declared":true,"installed":true,"version":"3.14.1","resolution":"C:\\Users\\Mauri\\OneDrive\\Documents\\SMPProyects\\satisfaccionSMP\\functions\\node_modules\\firebase-functions\\lib\\index.js"} {"metadata":{"emulator":{"name":"functions"},"message":"[runtime-status] [9008] Resolved module firebase-functions {\"declared\":true,\"installed\":true,\"version\":\"3.14.1\",\"resolution\":\"C:\\\\Users\\\\Mauri\\\\OneDrive\\\\Documents\\\\SMPProyects\\\\satisfaccionSMP\\\\functions\\\\node_modules\\\\firebase-functions\\\\lib\\\\index.js\"}"}}
[debug] [2021-05-28T15:32:15.880Z] [runtime-status] [9008] Resolved module firebase-functions {"declared":true,"installed":true,"version":"3.14.1","resolution":"C:\\Users\\Mauri\\OneDrive\\Documents\\SMPProyects\\satisfaccionSMP\\functions\\node_modules\\firebase-functions\\lib\\index.js"} {"metadata":{"emulator":{"name":"functions"},"message":"[runtime-status] [9008] Resolved module firebase-functions {\"declared\":true,\"installed\":true,\"version\":\"3.14.1\",\"resolution\":\"C:\\\\Users\\\\Mauri\\\\OneDrive\\\\Documents\\\\SMPProyects\\\\satisfaccionSMP\\\\functions\\\\node_modules\\\\firebase-functions\\\\lib\\\\index.js\"}"}}
[debug] [2021-05-28T15:32:15.882Z] [runtime-status] [9008] Outgoing network have been stubbed. [{"name":"http","status":"mocked"},{"name":"http","status":"mocked"},{"name":"https","status":"mocked"},{"name":"https","status":"mocked"},{"name":"net","status":"mocked"}] {"metadata":{"emulator":{"name":"functions"},"message":"[runtime-status] [9008] Outgoing network have been stubbed. [{\"name\":\"http\",\"status\":\"mocked\"},{\"name\":\"http\",\"status\":\"mocked\"},{\"name\":\"https\",\"status\":\"mocked\"},{\"name\":\"https\",\"status\":\"mocked\"},{\"name\":\"net\",\"status\":\"mocked\"}]"}}
[debug] [2021-05-28T15:32:15.883Z] [runtime-status] [9008] Resolved module firebase-functions {"declared":true,"installed":true,"version":"3.14.1","resolution":"C:\\Users\\Mauri\\OneDrive\\Documents\\SMPProyects\\satisfaccionSMP\\functions\\node_modules\\firebase-functions\\lib\\index.js"} {"metadata":{"emulator":{"name":"functions"},"message":"[runtime-status] [9008] Resolved module firebase-functions {\"declared\":true,\"installed\":true,\"version\":\"3.14.1\",\"resolution\":\"C:\\\\Users\\\\Mauri\\\\OneDrive\\\\Documents\\\\SMPProyects\\\\satisfaccionSMP\\\\functions\\\\node_modules\\\\firebase-functions\\\\lib\\\\index.js\"}"}}
[debug] [2021-05-28T15:32:15.926Z] [runtime-status] [9008] Checked functions.config() {"config":{}} {"metadata":{"emulator":{"name":"functions"},"message":"[runtime-status] [9008] Checked functions.config() {\"config\":{}}"}}
[debug] [2021-05-28T15:32:15.926Z] [runtime-status] [9008] firebase-functions has been stubbed. {"functionsResolution":{"declared":true,"installed":true,"version":"3.14.1","resolution":"C:\\Users\\Mauri\\OneDrive\\Documents\\SMPProyects\\satisfaccionSMP\\functions\\node_modules\\firebase-functions\\lib\\index.js"}} {"metadata":{"emulator":{"name":"functions"},"message":"[runtime-status] [9008] firebase-functions has been stubbed. {\"functionsResolution\":{\"declared\":true,\"installed\":true,\"version\":\"3.14.1\",\"resolution\":\"C:\\\\Users\\\\Mauri\\\\OneDrive\\\\Documents\\\\SMPProyects\\\\satisfaccionSMP\\\\functions\\\\node_modules\\\\firebase-functions\\\\lib\\\\index.js\"}}"}}
[debug] [2021-05-28T15:32:15.926Z] [runtime-status] [9008] Resolved module firebase-functions {"declared":true,"installed":true,"version":"3.14.1","resolution":"C:\\Users\\Mauri\\OneDrive\\Documents\\SMPProyects\\satisfaccionSMP\\functions\\node_modules\\firebase-functions\\lib\\index.js"} {"metadata":{"emulator":{"name":"functions"},"message":"[runtime-status] [9008] Resolved module firebase-functions {\"declared\":true,\"installed\":true,\"version\":\"3.14.1\",\"resolution\":\"C:\\\\Users\\\\Mauri\\\\OneDrive\\\\Documents\\\\SMPProyects\\\\satisfaccionSMP\\\\functions\\\\node_modules\\\\firebase-functions\\\\lib\\\\index.js\"}"}}
[debug] [2021-05-28T15:32:15.927Z] [runtime-status] [9008] Resolved module firebase-admin {"declared":true,"installed":true,"version":"9.8.0","resolution":"C:\\Users\\Mauri\\OneDrive\\Documents\\SMPProyects\\satisfaccionSMP\\functions\\node_modules\\firebase-admin\\lib\\index.js"} {"metadata":{"emulator":{"name":"functions"},"message":"[runtime-status] [9008] Resolved module firebase-admin {\"declared\":true,\"installed\":true,\"version\":\"9.8.0\",\"resolution\":\"C:\\\\Users\\\\Mauri\\\\OneDrive\\\\Documents\\\\SMPProyects\\\\satisfaccionSMP\\\\functions\\\\node_modules\\\\firebase-admin\\\\lib\\\\index.js\"}"}}
[debug] [2021-05-28T15:32:15.927Z] [runtime-status] [9008] Resolved module firebase-functions {"declared":true,"installed":true,"version":"3.14.1","resolution":"C:\\Users\\Mauri\\OneDrive\\Documents\\SMPProyects\\satisfaccionSMP\\functions\\node_modules\\firebase-functions\\lib\\index.js"} {"metadata":{"emulator":{"name":"functions"},"message":"[runtime-status] [9008] Resolved module firebase-functions {\"declared\":true,\"installed\":true,\"version\":\"3.14.1\",\"resolution\":\"C:\\\\Users\\\\Mauri\\\\OneDrive\\\\Documents\\\\SMPProyects\\\\satisfaccionSMP\\\\functions\\\\node_modules\\\\firebase-functions\\\\lib\\\\index.js\"}"}}
[debug] [2021-05-28T15:32:15.928Z] [runtime-status] [9008] firebase-admin has been stubbed. {"adminResolution":{"declared":true,"installed":true,"version":"9.8.0","resolution":"C:\\Users\\Mauri\\OneDrive\\Documents\\SMPProyects\\satisfaccionSMP\\functions\\node_modules\\firebase-admin\\lib\\index.js"}} {"metadata":{"emulator":{"name":"functions"},"message":"[runtime-status] [9008] firebase-admin has been stubbed. {\"adminResolution\":{\"declared\":true,\"installed\":true,\"version\":\"9.8.0\",\"resolution\":\"C:\\\\Users\\\\Mauri\\\\OneDrive\\\\Documents\\\\SMPProyects\\\\satisfaccionSMP\\\\functions\\\\node_modules\\\\firebase-admin\\\\lib\\\\index.js\"}}"}}
[debug] [2021-05-28T15:32:15.929Z] [runtime-status] [9008] initializeApp(DEFAULT) {"storageBucket":"satisfaccionsmp.appspot.com","databaseURL":"http://localhost:9000/?ns=satisfaccionsmp-default-rtdb","projectId":"satisfaccionsmp"} {"metadata":{"emulator":{"name":"functions"},"message":"[runtime-status] [9008] initializeApp(DEFAULT) {\"storageBucket\":\"satisfaccionsmp.appspot.com\",\"databaseURL\":\"http://localhost:9000/?ns=satisfaccionsmp-default-rtdb\",\"projectId\":\"satisfaccionsmp\"}"}}
[debug] [2021-05-28T15:32:15.932Z] addRealtimeDatabaseTrigger[satisfaccionsmp-default-rtdb] "{\"name\":\"projects/satisfaccionsmp/locations/_/functions/makeSurveysAnalisis-0\",\"path\":\"/survey/{pushId}/status\",\"event\":\"providers/google.firebase.database/eventTypes/ref.update\",\"topic\":\"projects/satisfaccionsmp/topics/makeSurveysAnalisis-0\"}"
[debug] [2021-05-28T15:32:15.932Z] >>> HTTP REQUEST POST http://localhost:9000/.settings/functionTriggers.json?ns=satisfaccionsmp-default-rtdb  
 {"name":"projects/satisfaccionsmp/locations/_/functions/makeSurveysAnalisis-0","path":"/survey/{pushId}/status","event":"providers/google.firebase.database/eventTypes/ref.update","topic":"projects/satisfaccionsmp/topics/makeSurveysAnalisis-0"}
[debug] [2021-05-28T15:32:15.934Z] [worker-~diagnostic~-1fa710d5-9743-496f-bafa-707bb3ad741d]: IDLE {"metadata":{"emulator":{"name":"functions"},"message":"[worker-~diagnostic~-1fa710d5-9743-496f-bafa-707bb3ad741d]: IDLE"}}
[debug] [2021-05-28T15:32:16.588Z] <<< HTTP RESPONSE 200 {"content-length":"15","content-type":"application/json; charset=utf-8","access-control-allow-origin":"*","cache-control":"no-cache","x-firebase-project-id":"satisfaccionsmp-default-rtdb","x-firebase-project-number":"123456789","x-firebase-uuid":"5658f142-1f16-4a6c-a363-cfec37d7e696"}
[info] +  functions[makeSurveysAnalisis]: database function initialized. {"metadata":{"emulator":{"name":"functions"},"message":"\u001b[1mdatabase\u001b[22m function initialized."}}
[debug] [2021-05-28T15:32:16.590Z] >>> HTTP REQUEST PUT http://localhost:9000/.settings/rules.json?ns=satisfaccionsmp-default-rtdb  
 {
  "rules": {
    ".read": true,
    ".write": true
  }
}

[debug] [2021-05-28T15:32:16.621Z] <<< HTTP RESPONSE 200 {"content-length":"15","content-type":"application/json; charset=utf-8","access-control-allow-origin":"*","cache-control":"no-cache","x-firebase-project-id":"satisfaccionsmp-default-rtdb","x-firebase-project-number":"123456789","x-firebase-uuid":"5658f142-1f16-4a6c-a363-cfec37d7e696"}
[info] 
┌─────────────────────────────────────────────────────────────┐
│ ✔  All emulators ready! It is now safe to connect your app. │
│ i  View Emulator UI at http://localhost:4000                │
└─────────────────────────────────────────────────────────────┘

┌────────────────┬────────────────┬─────────────────────────────────┐
│ Emulator       │ Host:Port      │ View in Emulator UI             │
├────────────────┼────────────────┼─────────────────────────────────┤
│ Authentication │ localhost:9099 │ http://localhost:4000/auth      │
├────────────────┼────────────────┼─────────────────────────────────┤
│ Functions      │ localhost:5001 │ http://localhost:4000/functions │
├────────────────┼────────────────┼─────────────────────────────────┤
│ Firestore      │ localhost:8080 │ http://localhost:4000/firestore │
├────────────────┼────────────────┼─────────────────────────────────┤
│ Database       │ localhost:9000 │ http://localhost:4000/database  │
├────────────────┼────────────────┼─────────────────────────────────┤
│ Hosting        │ localhost:5000 │ n/a                             │
├────────────────┼────────────────┼─────────────────────────────────┤
│ Storage        │ localhost:9199 │ http://localhost:4000/storage   │
└────────────────┴────────────────┴─────────────────────────────────┘
  Emulator Hub running at localhost:4400
  Other reserved ports: 4500

Issues? Report them at https://github.com/firebase/firebase-tools/issues and attach the *-debug.log files.
 
